<?xml version="1.0" encoding="UTF-8"?>
<!-- Generated by org.testng.reporters.JUnitXMLReporter -->
<testsuite ignored="0" hostname="RWAMW031589" failures="0" tests="4" name="Add Customer Test" time="28.883" errors="0" timestamp="2021-10-29T11:01:41 CEST">
  <testcase classname="testcases.AddCustomerTest" name="addCustomerTest" time="8.326"/>
  <testcase classname="testcases.AddCustomerTest" name="addCustomerTest" time="5.002">
    <skipped/>
  </testcase> <!-- addCustomerTest -->
  <testcase classname="testcases.AddCustomerTest" name="addCustomerTest" time="7.834"/>
  <testcase classname="testcases.AddCustomerTest" name="addCustomerTest" time="7.422"/>
</testsuite> <!-- Add Customer Test -->
