<?xml version="1.0" encoding="UTF-8"?>
<!-- Generated by org.testng.reporters.JUnitXMLReporter -->
<testsuite ignored="0" hostname="RWAMW031589" failures="0" tests="4" name="Add Customer Test" time="43.115" errors="0" timestamp="2021-10-23T20:58:44 CEST">
  <testcase classname="testcases.AddCustomerTest" name="addCustomer" time="11.177"/>
  <testcase classname="testcases.AddCustomerTest" name="addCustomer" time="10.519"/>
  <testcase classname="testcases.AddCustomerTest" name="addCustomer" time="10.418"/>
  <testcase classname="testcases.AddCustomerTest" name="addCustomer" time="10.359"/>
</testsuite> <!-- Add Customer Test -->
