<?xml version="1.0" encoding="UTF-8"?>
<!-- Generated by org.testng.reporters.JUnitXMLReporter -->
<testsuite ignored="0" hostname="RWAMW031589" failures="1" tests="1" name="Bank Manager Login Test" time="1.18" errors="0" timestamp="2021-10-23T20:58:01 CEST">
  <testcase classname="testcases.LoginTest" name="loginAsBankManager" time="0.459">
    <failure type="java.lang.AssertionError" message="Login not successfull">
      <![CDATA[java.lang.AssertionError: Login not successfull
at testcases.LoginTest.loginAsBankManager(LoginTest.java:18)
at java.base/java.util.ArrayList.forEach(ArrayList.java:1540)
... Removed 32 stack frames]]>
    </failure>
  </testcase> <!-- loginAsBankManager -->
</testsuite> <!-- Bank Manager Login Test -->
