<?xml version="1.0" encoding="UTF-8"?>
<testsuite xmlns:xsi="http://www.w3.org/2001/XMLSchema-instance" xsi:noNamespaceSchemaLocation="https://maven.apache.org/surefire/maven-surefire-plugin/xsd/surefire-test-report-3.0.xsd" version="3.0" name="TestSuite" time="50.247" tests="6" errors="0" skipped="1" failures="0">
  <properties>
[...]
</properties>
  <testcase name="bankManagerLoginTest" classname="testcases.BankManagerLoginTest" time="3.962"/>
  <testcase name="addCustomerTest" classname="testcases.AddCustomerTest" time="8.326"/>
  <testcase name="addCustomerTest" classname="testcases.AddCustomerTest" time="0">
    <skipped message="Skipping the test case as the Run mode for test"/>
  </testcase>
  <testcase name="addCustomerTest" classname="testcases.AddCustomerTest" time="7.834"/>
  <testcase name="addCustomerTest" classname="testcases.AddCustomerTest" time="7.422"/>
  <testcase name="openAccountTest" classname="testcases.OpenAccountTest" time="3.409"/>
</testsuite>