-------------------------------------------------------------------------------
Test set: TestSuite
-------------------------------------------------------------------------------
Tests run: 5, Failures: 1, Errors: 0, Skipped: 0, Time elapsed: 55.666 s <<< FAILURE! - in TestSuite
testcases.LoginTest.loginAsBankManager  Time elapsed: 0.466 s  <<< FAILURE!
java.lang.AssertionError: Login not successfull
	at testcases.LoginTest.loginAsBankManager(LoginTest.java:18)

