<?xml version="1.0" encoding="UTF-8"?>
<testsuite name="Add Customer Test"
           tests="4"
           failures="0"
           errors="0"
           skipped="0"
           time="42.473">
  <properties />
  
  
            <testcase name="addCustomer" time="11.177" classname="testcases.AddCustomerTest" />
                <testcase name="addCustomer" time="10.418" classname="testcases.AddCustomerTest" />
                <testcase name="addCustomer" time="10.519" classname="testcases.AddCustomerTest" />
                <testcase name="addCustomer" time="10.359" classname="testcases.AddCustomerTest" />
      
</testsuite>
